<?xml version="1.0" standalone="no" ?>
<!DOCTYPE pov SYSTEM "/usr/share/cgc-replay/replay.dtd">
<pov>
<cbid>service</cbid>
<replay>
    <read><delim>\x3e </delim><match><data>\x3e </data></match></read>
    <write><data>get WTX6tVyfBd\x0a</data></write>
    <read><delim>\x3e </delim><match><data>\x3e </data></match></read>
    <write><data>list\x0a</data></write>
    <read><delim>\x0a</delim><match><data>current section: \x7c\x0a</data></match></read>
    <read><delim>\x0a</delim><match><data>\x0a</data></match></read>
    <read><delim>\x0a\x0a</delim></read>
    <read><delim>\x3e </delim><match><data>\x3e </data></match></read>
    <write><data>put DFGy S7p430lIQlBoDiGFkz\x0a</data></write>
    <read><delim>\x3e </delim><match><data>\x3e </data></match></read>
    <write><data>get DFGy\x0a</data></write>
    <read><delim>\x0a\x0a</delim><match><pcre>DFGy\n.*\n\n</pcre></match></read>
    <read><delim>\x3e </delim><match><data>\x3e </data></match></read>
    <write><data>list\x0a</data></write>
    <read><delim>\x0a</delim><match><data>current section: \x7c\x0a</data></match></read>
    <read><delim>\x0a</delim><match><data>\x0a</data></match></read>
    <read><delim>\x0a\x0a</delim></read>
    <read><delim>\x3e </delim><match><data>\x3e </data></match></read>
    <write><data>get DFGy\x0a</data></write>
    <read><delim>\x0a\x0a</delim><match><pcre>DFGy\n.*\n\n</pcre></match></read>
    <read><delim>\x3e </delim><match><data>\x3e </data></match></read>
    <write><data>list\x0a</data></write>
    <read><delim>\x0a</delim><match><data>current section: \x7c\x0a</data></match></read>
    <read><delim>\x0a</delim><match><data>\x0a</data></match></read>
    <read><delim>\x0a\x0a</delim></read>
    <read><delim>\x3e </delim><match><data>\x3e </data></match></read>
    <write><data>get DFGy\x0a</data></write>
    <read><delim>\x0a\x0a</delim><match><pcre>DFGy\n.*\n\n</pcre></match></read>
    <read><delim>\x3e </delim><match><data>\x3e </data></match></read>
    <write><data>put OqJsP 1G9ZDk2eeLm4E\x0a</data></write>
    <read><delim>\x3e </delim><match><data>\x3e </data></match></read>
    <write><data>compress OqJsP\x0a</data></write>
    <read><delim>\x0a\x0a</delim><match><pcre>OqJsP\n.*\n\n</pcre></match></read>
    <read><delim>\x3e </delim><match><data>\x3e </data></match></read>
    <write><data>get DFGy\x0a</data></write>
    <read><delim>\x0a\x0a</delim><match><pcre>DFGy\n.*\n\n</pcre></match></read>
    <read><delim>\x3e </delim><match><data>\x3e </data></match></read>
    <write><data>list\x0a</data></write>
    <read><delim>\x0a</delim><match><data>current section: \x7c\x0a</data></match></read>
    <read><delim>\x0a</delim><match><data>\x0a</data></match></read>
    <read><delim>\x0a\x0a</delim></read>
    <read><delim>\x3e </delim><match><data>\x3e </data></match></read>
    <write><data>quit\x0a</data></write>
</replay>
</pov>