<?xml version="1.0" standalone="no" ?>
<!DOCTYPE pov SYSTEM "/usr/share/cgc-replay/replay.dtd">
<pov>
<cbid>service</cbid>
<replay>
    <read><delim>\x3e </delim><match><data>\x3e </data></match></read>
    <write><data>get Z87W3Xtu53mt7kE26E\x0a</data></write>
    <read><delim>\x3e </delim><match><data>\x3e </data></match></read>
    <write><data>put ixQqpn YDuuIJS20b59yHvA\x0a</data></write>
    <read><delim>\x3e </delim><match><data>\x3e </data></match></read>
    <write><data>search \x0a</data></write>
    <read><delim>\x3e </delim><match><data>\x3e </data></match></read>
    <write><data>put A6WLF BirraCdPqgMOuOO5\x0a</data></write>
    <read><delim>\x3e </delim><match><data>\x3e </data></match></read>
    <write><data>cur\x5fsec\x0a</data></write>
    <read><delim>\x0a</delim><match><data>\x7c\x0a</data></match></read>
    <read><delim>\x3e </delim><match><data>\x3e </data></match></read>
    <write><data>get ixQqpn\x0a</data></write>
    <read><delim>\x0a\x0a</delim><match><pcre>ixQqpn\n.*\n\n</pcre></match></read>
    <read><delim>\x3e </delim><match><data>\x3e </data></match></read>
    <write><data>get ixQqpn\x0a</data></write>
    <read><delim>\x0a\x0a</delim><match><pcre>ixQqpn\n.*\n\n</pcre></match></read>
    <read><delim>\x3e </delim><match><data>\x3e </data></match></read>
    <write><data>put V6k Epd2aYMPQqEP\x0a</data></write>
    <read><delim>\x3e </delim><match><data>\x3e </data></match></read>
    <write><data>compress V6k\x0a</data></write>
    <read><delim>\x0a\x0a</delim><match><pcre>V6k\n.*\n\n</pcre></match></read>
    <read><delim>\x3e </delim><match><data>\x3e </data></match></read>
    <write><data>ch\x5fsec \x7c1\x7c2\x7c\x0a</data></write>
    <read><delim>\x3e </delim><match><data>\x3e </data></match></read>
    <write><data>compress Administration\x0a</data></write>
    <read><delim>\x0a\x0a</delim><match><pcre>Administration\n.*\n\n</pcre></match></read>
    <read><delim>\x3e </delim><match><data>\x3e </data></match></read>
    <write><data>compress Administration\x0a</data></write>
    <read><delim>\x0a\x0a</delim><match><pcre>Administration\n.*\n\n</pcre></match></read>
    <read><delim>\x3e </delim><match><data>\x3e </data></match></read>
    <write><data>list\x0a</data></write>
    <read><delim>\x0a</delim><match><data>current section: \x7c1\x7c2\x7c\x0a</data></match></read>
    <read><delim>\x0a\x0a</delim></read>
    <read><delim>\x3e </delim><match><data>\x3e </data></match></read>
    <write><data>get Administration\x0a</data></write>
    <read><delim>\x0a\x0a</delim><match><pcre>Administration\n.*\n\n</pcre></match></read>
    <read><delim>\x3e </delim><match><data>\x3e </data></match></read>
    <write><data>put KITGx ZIluthBqclCB\x0a</data></write>
    <read><delim>\x3e </delim><match><data>\x3e </data></match></read>
    <write><data>list\x0a</data></write>
    <read><delim>\x0a</delim><match><data>current section: \x7c1\x7c2\x7c\x0a</data></match></read>
    <read><delim>\x0a\x0a</delim></read>
    <read><delim>\x3e </delim><match><data>\x3e </data></match></read>
    <write><data>get KITGx\x0a</data></write>
    <read><delim>\x0a\x0a</delim><match><pcre>KITGx\n.*\n\n</pcre></match></read>
    <read><delim>\x3e </delim><match><data>\x3e </data></match></read>
    <write><data>put HXl0ct7J SuS7zM7XZE0LhrDD5Vw\x0a</data></write>
    <read><delim>\x3e </delim><match><data>\x3e </data></match></read>
    <write><data>ch\x5fsec \x7c5\x7c7\x7c\x0a</data></write>
    <read><delim>\x3e </delim><match><data>\x3e </data></match></read>
    <write><data>get Publicizing Requirements Under the Amer\x0a</data></write>
    <read><delim>\x0a\x0a</delim><match><pcre>Publicizing Requirements Under the Amer\n.*\n\n</pcre></match></read>
    <read><delim>\x3e </delim><match><data>\x3e </data></match></read>
    <write><data>compress Publicizing Requirements Under the Amer\x0a</data></write>
    <read><delim>\x0a\x0a</delim><match><pcre>Publicizing Requirements Under the Amer\n.*\n\n</pcre></match></read>
    <read><delim>\x3e </delim><match><data>\x3e </data></match></read>
    <write><data>ch\x5fsec \x2b\x2b\x7c\x0a</data></write>
    <read><delim>\x3e </delim><match><data>\x3e </data></match></read>
    <write><data>search \x0a</data></write>
    <read><delim>\x3e </delim><match><data>\x3e </data></match></read>
    <write><data>ch\x5fsec \x7c8\x7c6\x7c\x0a</data></write>
    <read><delim>\x3e </delim><match><data>\x3e </data></match></read>
    <write><data>cur\x5fsec\x0a</data></write>
    <read><delim>\x0a</delim><match><data>\x7c8\x7c6\x7c\x0a</data></match></read>
    <read><delim>\x3e </delim><match><data>\x3e </data></match></read>
    <write><data>put bTZYsfC rxMAoShSYn\x0a</data></write>
    <read><delim>\x3e </delim><match><data>\x3e </data></match></read>
    <write><data>search \x0a</data></write>
    <read><delim>\x3e </delim><match><data>\x3e </data></match></read>
    <write><data>search \x0a</data></write>
    <read><delim>\x3e </delim><match><data>\x3e </data></match></read>
    <write><data>get Acquisition from Federal Prison Industr\x0a</data></write>
    <read><delim>\x0a\x0a</delim><match><pcre>Acquisition from Federal Prison Industr\n.*\n\n</pcre></match></read>
    <read><delim>\x3e </delim><match><data>\x3e </data></match></read>
    <write><data>compress Acquisition from Federal Prison Industr\x0a</data></write>
    <read><delim>\x0a\x0a</delim><match><pcre>Acquisition from Federal Prison Industr\n.*\n\n</pcre></match></read>
    <read><delim>\x3e </delim><match><data>\x3e </data></match></read>
    <write><data>cur\x5fsec\x0a</data></write>
    <read><delim>\x0a</delim><match><data>\x7c8\x7c6\x7c\x0a</data></match></read>
    <read><delim>\x3e </delim><match><data>\x3e </data></match></read>
    <write><data>cur\x5fsec\x0a</data></write>
    <read><delim>\x0a</delim><match><data>\x7c8\x7c6\x7c\x0a</data></match></read>
    <read><delim>\x3e </delim><match><data>\x3e </data></match></read>
    <write><data>compress bTZYsfC\x0a</data></write>
    <read><delim>\x0a\x0a</delim><match><pcre>bTZYsfC\n.*\n\n</pcre></match></read>
    <read><delim>\x3e </delim><match><data>\x3e </data></match></read>
    <write><data>get bTZYsfC\x0a</data></write>
    <read><delim>\x0a\x0a</delim><match><pcre>bTZYsfC\n.*\n\n</pcre></match></read>
    <read><delim>\x3e </delim><match><data>\x3e </data></match></read>
    <write><data>list\x0a</data></write>
    <read><delim>\x0a</delim><match><data>current section: \x7c8\x7c6\x7c\x0a</data></match></read>
    <read><delim>\x0a\x0a</delim></read>
    <read><delim>\x3e </delim><match><data>\x3e </data></match></read>
    <write><data>list\x0a</data></write>
    <read><delim>\x0a</delim><match><data>current section: \x7c8\x7c6\x7c\x0a</data></match></read>
    <read><delim>\x0a\x0a</delim></read>
    <read><delim>\x3e </delim><match><data>\x3e </data></match></read>
    <write><data>put BZHKmlZSR n3rxRN9btTkejBuw\x0a</data></write>
    <read><delim>\x3e </delim><match><data>\x3e </data></match></read>
    <write><data>put 1xkdt9 I5Q14DoE2HVL83W6\x0a</data></write>
    <read><delim>\x3e </delim><match><data>\x3e </data></match></read>
    <write><data>compress BZHKmlZSR\x0a</data></write>
    <read><delim>\x0a\x0a</delim><match><pcre>BZHKmlZSR\n.*\n\n</pcre></match></read>
    <read><delim>\x3e </delim><match><data>\x3e </data></match></read>
    <write><data>compress 1xkdt9\x0a</data></write>
    <read><delim>\x0a\x0a</delim><match><pcre>1xkdt9\n.*\n\n</pcre></match></read>
    <read><delim>\x3e </delim><match><data>\x3e </data></match></read>
    <write><data>list\x0a</data></write>
    <read><delim>\x0a</delim><match><data>current section: \x7c8\x7c6\x7c\x0a</data></match></read>
    <read><delim>\x0a\x0a</delim></read>
    <read><delim>\x3e </delim><match><data>\x3e </data></match></read>
    <write><data>put b5pdo H70dUoiY3iYfH1\x0a</data></write>
    <read><delim>\x3e </delim><match><data>\x3e </data></match></read>
    <write><data>list\x0a</data></write>
    <read><delim>\x0a</delim><match><data>current section: \x7c8\x7c6\x7c\x0a</data></match></read>
    <read><delim>\x0a\x0a</delim></read>
    <read><delim>\x3e </delim><match><data>\x3e </data></match></read>
    <write><data>search \x0a</data></write>
    <read><delim>\x3e </delim><match><data>\x3e </data></match></read>
    <write><data>cur\x5fsec\x0a</data></write>
    <read><delim>\x0a</delim><match><data>\x7c8\x7c6\x7c\x0a</data></match></read>
    <read><delim>\x3e </delim><match><data>\x3e </data></match></read>
    <write><data>put LijdhK GkzhrD4riup1rH\x0a</data></write>
    <read><delim>\x3e </delim><match><data>\x3e </data></match></read>
    <write><data>compress b5pdo\x0a</data></write>
    <read><delim>\x0a\x0a</delim><match><pcre>b5pdo\n.*\n\n</pcre></match></read>
    <read><delim>\x3e </delim><match><data>\x3e </data></match></read>
    <write><data>ch\x5fsec \x7c11\x7c4\x7c\x0a</data></write>
    <read><delim>\x3e </delim><match><data>\x3e </data></match></read>
    <write><data>ch\x5fsec \x7c22\x7c17\x7c\x0a</data></write>
    <read><delim>\x3e </delim><match><data>\x3e </data></match></read>
    <write><data>search \x0a</data></write>
    <read><delim>\x3e </delim><match><data>\x3e </data></match></read>
    <write><data>search \x0a</data></write>
    <read><delim>\x3e </delim><match><data>\x3e </data></match></read>
    <write><data>get Combating Trafficking in Persons\x0a</data></write>
    <read><delim>\x0a\x0a</delim><match><pcre>Combating Trafficking in Persons\n.*\n\n</pcre></match></read>
    <read><delim>\x3e </delim><match><data>\x3e </data></match></read>
    <write><data>list\x0a</data></write>
    <read><delim>\x0a</delim><match><data>current section: \x7c22\x7c17\x7c\x0a</data></match></read>
    <read><delim>\x0a\x0a</delim></read>
    <read><delim>\x3e </delim><match><data>\x3e </data></match></read>
    <write><data>list\x0a</data></write>
    <read><delim>\x0a</delim><match><data>current section: \x7c22\x7c17\x7c\x0a</data></match></read>
    <read><delim>\x0a\x0a</delim></read>
    <read><delim>\x3e </delim><match><data>\x3e </data></match></read>
    <write><data>compress Combating Trafficking in Persons\x0a</data></write>
    <read><delim>\x0a\x0a</delim><match><pcre>Combating Trafficking in Persons\n.*\n\n</pcre></match></read>
    <read><delim>\x3e </delim><match><data>\x3e </data></match></read>
    <write><data>put XkQh Yb7jlTOkkK5ioIh\x0a</data></write>
    <read><delim>\x3e </delim><match><data>\x3e </data></match></read>
    <write><data>list\x0a</data></write>
    <read><delim>\x0a</delim><match><data>current section: \x7c22\x7c17\x7c\x0a</data></match></read>
    <read><delim>\x0a\x0a</delim></read>
    <read><delim>\x3e </delim><match><data>\x3e </data></match></read>
    <write><data>ch\x5fsec \x7c11\x7c3\x7c\x0a</data></write>
    <read><delim>\x3e </delim><match><data>\x3e </data></match></read>
    <write><data>get Acceptable Material\x0a</data></write>
    <read><delim>\x0a\x0a</delim><match><pcre>Acceptable Material\n.*\n\n</pcre></match></read>
    <read><delim>\x3e </delim><match><data>\x3e </data></match></read>
    <write><data>compress Acceptable Material\x0a</data></write>
    <read><delim>\x0a\x0a</delim><match><pcre>Acceptable Material\n.*\n\n</pcre></match></read>
    <read><delim>\x3e </delim><match><data>\x3e </data></match></read>
    <write><data>compress Acceptable Material\x0a</data></write>
    <read><delim>\x0a\x0a</delim><match><pcre>Acceptable Material\n.*\n\n</pcre></match></read>
    <read><delim>\x3e </delim><match><data>\x3e </data></match></read>
    <write><data>search \x0a</data></write>
    <read><delim>\x3e </delim><match><data>\x3e </data></match></read>
    <write><data>cur\x5fsec\x0a</data></write>
    <read><delim>\x0a</delim><match><data>\x7c11\x7c3\x7c\x0a</data></match></read>
    <read><delim>\x3e </delim><match><data>\x3e </data></match></read>
    <write><data>search \x0a</data></write>
    <read><delim>\x3e </delim><match><data>\x3e </data></match></read>
    <write><data>get Acceptable Material\x0a</data></write>
    <read><delim>\x0a\x0a</delim><match><pcre>Acceptable Material\n.*\n\n</pcre></match></read>
    <read><delim>\x3e </delim><match><data>\x3e </data></match></read>
    <write><data>get Acceptable Material\x0a</data></write>
    <read><delim>\x0a\x0a</delim><match><pcre>Acceptable Material\n.*\n\n</pcre></match></read>
    <read><delim>\x3e </delim><match><data>\x3e </data></match></read>
    <write><data>ch\x5fsec \x7c5\x7c2\x7c\x0a</data></write>
    <read><delim>\x3e </delim><match><data>\x3e </data></match></read>
    <write><data>compress Synopses of Proposed Contract Actions\x0a</data></write>
    <read><delim>\x0a\x0a</delim><match><pcre>Synopses of Proposed Contract Actions\n.*\n\n</pcre></match></read>
    <read><delim>\x3e </delim><match><data>\x3e </data></match></read>
    <write><data>get Synopses of Proposed Contract Actions\x0a</data></write>
    <read><delim>\x0a\x0a</delim><match><pcre>Synopses of Proposed Contract Actions\n.*\n\n</pcre></match></read>
    <read><delim>\x3e </delim><match><data>\x3e </data></match></read>
    <write><data>compress Synopses of Proposed Contract Actions\x0a</data></write>
    <read><delim>\x0a\x0a</delim><match><pcre>Synopses of Proposed Contract Actions\n.*\n\n</pcre></match></read>
    <read><delim>\x3e </delim><match><data>\x3e </data></match></read>
    <write><data>list\x0a</data></write>
    <read><delim>\x0a</delim><match><data>current section: \x7c5\x7c2\x7c\x0a</data></match></read>
    <read><delim>\x0a\x0a</delim></read>
    <read><delim>\x3e </delim><match><data>\x3e </data></match></read>
    <write><data>quit\x0a</data></write>
</replay>
</pov>