<?xml version="1.0" standalone="no" ?>
<!DOCTYPE pov SYSTEM "/usr/share/cgc-replay/replay.dtd">
<pov>
<cbid>service</cbid>
<replay>
    <read><delim>\x3e </delim><match><data>\x3e </data></match></read>
    <write><data>put 352QfI MQZYcJwNMmSktSh\x0a</data></write>
    <read><delim>\x3e </delim><match><data>\x3e </data></match></read>
    <write><data>compress 352QfI\x0a</data></write>
    <read><delim>\x0a\x0a</delim><match><pcre>352QfI\n.*\n\n</pcre></match></read>
    <read><delim>\x3e </delim><match><data>\x3e </data></match></read>
    <write><data>ch\x5fsec \x2b\x2b\x7c\x0a</data></write>
    <read><delim>\x3e </delim><match><data>\x3e </data></match></read>
    <write><data>cur\x5fsec\x0a</data></write>
    <read><delim>\x0a</delim><match><data>\x7c\x0a</data></match></read>
    <read><delim>\x3e </delim><match><data>\x3e </data></match></read>
    <write><data>ch\x5fsec \x7c16\x7c5\x7c\x0a</data></write>
    <read><delim>\x3e </delim><match><data>\x3e </data></match></read>
    <write><data>put XJmE xoyO7jRMiPIb\x0a</data></write>
    <read><delim>\x3e </delim><match><data>\x3e </data></match></read>
    <write><data>search \x0a</data></write>
    <read><delim>\x3e </delim><match><data>\x3e </data></match></read>
    <write><data>ch\x5fsec \x2b\x2b\x7c\x0a</data></write>
    <read><delim>\x3e </delim><match><data>\x3e </data></match></read>
    <write><data>ch\x5fsec \x7c6\x7c2\x7c\x0a</data></write>
    <read><delim>\x3e </delim><match><data>\x3e </data></match></read>
    <write><data>cur\x5fsec\x0a</data></write>
    <read><delim>\x0a</delim><match><data>\x7c6\x7c2\x7c\x0a</data></match></read>
    <read><delim>\x3e </delim><match><data>\x3e </data></match></read>
    <write><data>compress Full and Open Competition After Exclusi\x0a</data></write>
    <read><delim>\x0a\x0a</delim><match><pcre>Full and Open Competition After Exclusi\n.*\n\n</pcre></match></read>
    <read><delim>\x3e </delim><match><data>\x3e </data></match></read>
    <write><data>put StAocuCwX KDICG1ESpQDvep9\x0a</data></write>
    <read><delim>\x3e </delim><match><data>\x3e </data></match></read>
    <write><data>list\x0a</data></write>
    <read><delim>\x0a</delim><match><data>current section: \x7c6\x7c2\x7c\x0a</data></match></read>
    <read><delim>\x0a\x0a</delim></read>
    <read><delim>\x3e </delim><match><data>\x3e </data></match></read>
    <write><data>search \x0a</data></write>
    <read><delim>\x3e </delim><match><data>\x3e </data></match></read>
    <write><data>search \x0a</data></write>
    <read><delim>\x3e </delim><match><data>\x3e </data></match></read>
    <write><data>search \x0a</data></write>
    <read><delim>\x3e </delim><match><data>\x3e </data></match></read>
    <write><data>cur\x5fsec\x0a</data></write>
    <read><delim>\x0a</delim><match><data>\x7c6\x7c2\x7c\x0a</data></match></read>
    <read><delim>\x3e </delim><match><data>\x3e </data></match></read>
    <write><data>ch\x5fsec \x7c12\x7c2\x7c\x0a</data></write>
    <read><delim>\x3e </delim><match><data>\x3e </data></match></read>
    <write><data>put Xdj 50iqI0OvSG2aG3fjg8c\x0a</data></write>
    <read><delim>\x3e </delim><match><data>\x3e </data></match></read>
    <write><data>list\x0a</data></write>
    <read><delim>\x0a</delim><match><data>current section: \x7c12\x7c2\x7c\x0a</data></match></read>
    <read><delim>\x0a\x0a</delim></read>
    <read><delim>\x3e </delim><match><data>\x3e </data></match></read>
    <write><data>put YYQig LbSgZ9IFilmwsiXNIm6j\x0a</data></write>
    <read><delim>\x3e </delim><match><data>\x3e </data></match></read>
    <write><data>put Cdy8Zmu 7olCTHKBNHb34GQapHVs\x0a</data></write>
    <read><delim>\x3e </delim><match><data>\x3e </data></match></read>
    <write><data>ch\x5fsec \x7c16\x7c4\x7c\x0a</data></write>
    <read><delim>\x3e </delim><match><data>\x3e </data></match></read>
    <write><data>list\x0a</data></write>
    <read><delim>\x0a</delim><match><data>current section: \x7c16\x7c4\x7c\x0a</data></match></read>
    <read><delim>\x0a\x0a</delim></read>
    <read><delim>\x3e </delim><match><data>\x3e </data></match></read>
    <write><data>list\x0a</data></write>
    <read><delim>\x0a</delim><match><data>current section: \x7c16\x7c4\x7c\x0a</data></match></read>
    <read><delim>\x0a\x0a</delim></read>
    <read><delim>\x3e </delim><match><data>\x3e </data></match></read>
    <write><data>get Incentive Contracts\x0a</data></write>
    <read><delim>\x0a\x0a</delim><match><pcre>Incentive Contracts\n.*\n\n</pcre></match></read>
    <read><delim>\x3e </delim><match><data>\x3e </data></match></read>
    <write><data>ch\x5fsec \x7c22\x7c14\x7c\x0a</data></write>
    <read><delim>\x3e </delim><match><data>\x3e </data></match></read>
    <write><data>ch\x5fsec \x7c12\x7c2\x7c\x0a</data></write>
    <read><delim>\x3e </delim><match><data>\x3e </data></match></read>
    <write><data>cur\x5fsec\x0a</data></write>
    <read><delim>\x0a</delim><match><data>\x7c12\x7c2\x7c\x0a</data></match></read>
    <read><delim>\x3e </delim><match><data>\x3e </data></match></read>
    <write><data>get YYQig\x0a</data></write>
    <read><delim>\x0a\x0a</delim><match><pcre>YYQig\n.*\n\n</pcre></match></read>
    <read><delim>\x3e </delim><match><data>\x3e </data></match></read>
    <write><data>cur\x5fsec\x0a</data></write>
    <read><delim>\x0a</delim><match><data>\x7c12\x7c2\x7c\x0a</data></match></read>
    <read><delim>\x3e </delim><match><data>\x3e </data></match></read>
    <write><data>list\x0a</data></write>
    <read><delim>\x0a</delim><match><data>current section: \x7c12\x7c2\x7c\x0a</data></match></read>
    <read><delim>\x0a\x0a</delim></read>
    <read><delim>\x3e </delim><match><data>\x3e </data></match></read>
    <write><data>search \x0a</data></write>
    <read><delim>\x3e </delim><match><data>\x3e </data></match></read>
    <write><data>list\x0a</data></write>
    <read><delim>\x0a</delim><match><data>current section: \x7c12\x7c2\x7c\x0a</data></match></read>
    <read><delim>\x0a\x0a</delim></read>
    <read><delim>\x3e </delim><match><data>\x3e </data></match></read>
    <write><data>list\x0a</data></write>
    <read><delim>\x0a</delim><match><data>current section: \x7c12\x7c2\x7c\x0a</data></match></read>
    <read><delim>\x0a\x0a</delim></read>
    <read><delim>\x3e </delim><match><data>\x3e </data></match></read>
    <write><data>cur\x5fsec\x0a</data></write>
    <read><delim>\x0a</delim><match><data>\x7c12\x7c2\x7c\x0a</data></match></read>
    <read><delim>\x3e </delim><match><data>\x3e </data></match></read>
    <write><data>put K470r1tqdH qxptsufkNVec0F7vluO\x0a</data></write>
    <read><delim>\x3e </delim><match><data>\x3e </data></match></read>
    <write><data>put cLwOFOIG0 gtZf2KrO5EBNBaO\x0a</data></write>
    <read><delim>\x3e </delim><match><data>\x3e </data></match></read>
    <write><data>search \x0a</data></write>
    <read><delim>\x3e </delim><match><data>\x3e </data></match></read>
    <write><data>search \x0a</data></write>
    <read><delim>\x3e </delim><match><data>\x3e </data></match></read>
    <write><data>cur\x5fsec\x0a</data></write>
    <read><delim>\x0a</delim><match><data>\x7c12\x7c2\x7c\x0a</data></match></read>
    <read><delim>\x3e </delim><match><data>\x3e </data></match></read>
    <write><data>list\x0a</data></write>
    <read><delim>\x0a</delim><match><data>current section: \x7c12\x7c2\x7c\x0a</data></match></read>
    <read><delim>\x0a\x0a</delim></read>
    <read><delim>\x3e </delim><match><data>\x3e </data></match></read>
    <write><data>list\x0a</data></write>
    <read><delim>\x0a</delim><match><data>current section: \x7c12\x7c2\x7c\x0a</data></match></read>
    <read><delim>\x0a\x0a</delim></read>
    <read><delim>\x3e </delim><match><data>\x3e </data></match></read>
    <write><data>get YYQig\x0a</data></write>
    <read><delim>\x0a\x0a</delim><match><pcre>YYQig\n.*\n\n</pcre></match></read>
    <read><delim>\x3e </delim><match><data>\x3e </data></match></read>
    <write><data>ch\x5fsec \x7c15\x7c6\x7c\x0a</data></write>
    <read><delim>\x3e </delim><match><data>\x3e </data></match></read>
    <write><data>ch\x5fsec \x7c4\x7c14\x7c\x0a</data></write>
    <read><delim>\x3e </delim><match><data>\x3e </data></match></read>
    <write><data>compress Reporting Executive Compensation and Fi\x0a</data></write>
    <read><delim>\x0a\x0a</delim><match><pcre>Reporting Executive Compensation and Fi\n.*\n\n</pcre></match></read>
    <read><delim>\x3e </delim><match><data>\x3e </data></match></read>
    <write><data>get Reporting Executive Compensation and Fi\x0a</data></write>
    <read><delim>\x0a\x0a</delim><match><pcre>Reporting Executive Compensation and Fi\n.*\n\n</pcre></match></read>
    <read><delim>\x3e </delim><match><data>\x3e </data></match></read>
    <write><data>list\x0a</data></write>
    <read><delim>\x0a</delim><match><data>current section: \x7c4\x7c14\x7c\x0a</data></match></read>
    <read><delim>\x0a\x0a</delim></read>
    <read><delim>\x3e </delim><match><data>\x3e </data></match></read>
    <write><data>put nfqs3o Vi6hBh8W1l4EXa\x0a</data></write>
    <read><delim>\x3e </delim><match><data>\x3e </data></match></read>
    <write><data>compress nfqs3o\x0a</data></write>
    <read><delim>\x0a\x0a</delim><match><pcre>nfqs3o\n.*\n\n</pcre></match></read>
    <read><delim>\x3e </delim><match><data>\x3e </data></match></read>
    <write><data>search \x0a</data></write>
    <read><delim>\x3e </delim><match><data>\x3e </data></match></read>
    <write><data>cur\x5fsec\x0a</data></write>
    <read><delim>\x0a</delim><match><data>\x7c4\x7c14\x7c\x0a</data></match></read>
    <read><delim>\x3e </delim><match><data>\x3e </data></match></read>
    <write><data>put EYH95 oFQmmG7kGtss\x0a</data></write>
    <read><delim>\x3e </delim><match><data>\x3e </data></match></read>
    <write><data>cur\x5fsec\x0a</data></write>
    <read><delim>\x0a</delim><match><data>\x7c4\x7c14\x7c\x0a</data></match></read>
    <read><delim>\x3e </delim><match><data>\x3e </data></match></read>
    <write><data>compress Reporting Executive Compensation and Fi\x0a</data></write>
    <read><delim>\x0a\x0a</delim><match><pcre>Reporting Executive Compensation and Fi\n.*\n\n</pcre></match></read>
    <read><delim>\x3e </delim><match><data>\x3e </data></match></read>
    <write><data>list\x0a</data></write>
    <read><delim>\x0a</delim><match><data>current section: \x7c4\x7c14\x7c\x0a</data></match></read>
    <read><delim>\x0a\x0a</delim></read>
    <read><delim>\x3e </delim><match><data>\x3e </data></match></read>
    <write><data>search \x0a</data></write>
    <read><delim>\x3e </delim><match><data>\x3e </data></match></read>
    <write><data>cur\x5fsec\x0a</data></write>
    <read><delim>\x0a</delim><match><data>\x7c4\x7c14\x7c\x0a</data></match></read>
    <read><delim>\x3e </delim><match><data>\x3e </data></match></read>
    <write><data>compress nfqs3o\x0a</data></write>
    <read><delim>\x0a\x0a</delim><match><pcre>nfqs3o\n.*\n\n</pcre></match></read>
    <read><delim>\x3e </delim><match><data>\x3e </data></match></read>
    <write><data>compress Reporting Executive Compensation and Fi\x0a</data></write>
    <read><delim>\x0a\x0a</delim><match><pcre>Reporting Executive Compensation and Fi\n.*\n\n</pcre></match></read>
    <read><delim>\x3e </delim><match><data>\x3e </data></match></read>
    <write><data>compress nfqs3o\x0a</data></write>
    <read><delim>\x0a\x0a</delim><match><pcre>nfqs3o\n.*\n\n</pcre></match></read>
    <read><delim>\x3e </delim><match><data>\x3e </data></match></read>
    <write><data>compress Reporting Executive Compensation and Fi\x0a</data></write>
    <read><delim>\x0a\x0a</delim><match><pcre>Reporting Executive Compensation and Fi\n.*\n\n</pcre></match></read>
    <read><delim>\x3e </delim><match><data>\x3e </data></match></read>
    <write><data>list\x0a</data></write>
    <read><delim>\x0a</delim><match><data>current section: \x7c4\x7c14\x7c\x0a</data></match></read>
    <read><delim>\x0a\x0a</delim></read>
    <read><delim>\x3e </delim><match><data>\x3e </data></match></read>
    <write><data>cur\x5fsec\x0a</data></write>
    <read><delim>\x0a</delim><match><data>\x7c4\x7c14\x7c\x0a</data></match></read>
    <read><delim>\x3e </delim><match><data>\x3e </data></match></read>
    <write><data>put HMgctl sFYkloQQtzDVVfJ\x0a</data></write>
    <read><delim>\x3e </delim><match><data>\x3e </data></match></read>
    <write><data>search \x0a</data></write>
    <read><delim>\x3e </delim><match><data>\x3e </data></match></read>
    <write><data>compress EYH95\x0a</data></write>
    <read><delim>\x0a\x0a</delim><match><pcre>EYH95\n.*\n\n</pcre></match></read>
    <read><delim>\x3e </delim><match><data>\x3e </data></match></read>
    <write><data>ch\x5fsec \x7c14\x7c4\x7c\x0a</data></write>
    <read><delim>\x3e </delim><match><data>\x3e </data></match></read>
    <write><data>compress Opening of Bids and Award of Contract\x0a</data></write>
    <read><delim>\x0a\x0a</delim><match><pcre>Opening of Bids and Award of Contract\n.*\n\n</pcre></match></read>
    <read><delim>\x3e </delim><match><data>\x3e </data></match></read>
    <write><data>put 3h9eTM aTuf06roKLrGn8cew\x0a</data></write>
    <read><delim>\x3e </delim><match><data>\x3e </data></match></read>
    <write><data>list\x0a</data></write>
    <read><delim>\x0a</delim><match><data>current section: \x7c14\x7c4\x7c\x0a</data></match></read>
    <read><delim>\x0a\x0a</delim></read>
    <read><delim>\x3e </delim><match><data>\x3e </data></match></read>
    <write><data>search \x0a</data></write>
    <read><delim>\x3e </delim><match><data>\x3e </data></match></read>
    <write><data>list\x0a</data></write>
    <read><delim>\x0a</delim><match><data>current section: \x7c14\x7c4\x7c\x0a</data></match></read>
    <read><delim>\x0a\x0a</delim></read>
    <read><delim>\x3e </delim><match><data>\x3e </data></match></read>
    <write><data>ch\x5fsec \x7c11\x7c6\x7c\x0a</data></write>
    <read><delim>\x3e </delim><match><data>\x3e </data></match></read>
    <write><data>list\x0a</data></write>
    <read><delim>\x0a</delim><match><data>current section: \x7c11\x7c6\x7c\x0a</data></match></read>
    <read><delim>\x0a\x0a</delim></read>
    <read><delim>\x3e </delim><match><data>\x3e </data></match></read>
    <write><data>compress Priorities and Allocations\x0a</data></write>
    <read><delim>\x0a\x0a</delim><match><pcre>Priorities and Allocations\n.*\n\n</pcre></match></read>
    <read><delim>\x3e </delim><match><data>\x3e </data></match></read>
    <write><data>ch\x5fsec \x2b\x2b\x7c\x0a</data></write>
    <read><delim>\x3e </delim><match><data>\x3e </data></match></read>
    <write><data>compress oZ1EO7F6xGn\x0a</data></write>
    <read><delim>\x0a</delim><match><data>command failed: compress\x0a</data></match></read>
</replay>
</pov>