<?xml version="1.0" standalone="no" ?>
<!DOCTYPE pov SYSTEM "/usr/share/cgc-replay/replay.dtd">
<pov>
<cbid>service</cbid>
<replay>
    <read><delim>\x3e </delim><match><data>\x3e </data></match></read>
    <write><data>search \x0a</data></write>
    <read><delim>\x3e </delim><match><data>\x3e </data></match></read>
    <write><data>cur\x5fsec\x0a</data></write>
    <read><delim>\x0a</delim><match><data>\x7c\x0a</data></match></read>
    <read><delim>\x3e </delim><match><data>\x3e </data></match></read>
    <write><data>ch\x5fsec \x7c15\x7c5\x7c\x0a</data></write>
    <read><delim>\x3e </delim><match><data>\x3e </data></match></read>
    <write><data>search \x0a</data></write>
    <read><delim>\x3e </delim><match><data>\x3e </data></match></read>
    <write><data>compress Preaward\x2c Award\x2c and Postaward Notifica\x0a</data></write>
    <read><delim>\x0a\x0a</delim><match><pcre>Preaward, Award, and Postaward Notifica\n.*\n\n</pcre></match></read>
    <read><delim>\x3e </delim><match><data>\x3e </data></match></read>
    <write><data>list\x0a</data></write>
    <read><delim>\x0a</delim><match><data>current section: \x7c15\x7c5\x7c\x0a</data></match></read>
    <read><delim>\x0a\x0a</delim></read>
    <read><delim>\x3e </delim><match><data>\x3e </data></match></read>
    <write><data>cur\x5fsec\x0a</data></write>
    <read><delim>\x0a</delim><match><data>\x7c15\x7c5\x7c\x0a</data></match></read>
    <read><delim>\x3e </delim><match><data>\x3e </data></match></read>
    <write><data>compress Preaward\x2c Award\x2c and Postaward Notifica\x0a</data></write>
    <read><delim>\x0a\x0a</delim><match><pcre>Preaward, Award, and Postaward Notifica\n.*\n\n</pcre></match></read>
    <read><delim>\x3e </delim><match><data>\x3e </data></match></read>
    <write><data>get Preaward\x2c Award\x2c and Postaward Notifica\x0a</data></write>
    <read><delim>\x0a\x0a</delim><match><pcre>Preaward, Award, and Postaward Notifica\n.*\n\n</pcre></match></read>
    <read><delim>\x3e </delim><match><data>\x3e </data></match></read>
    <write><data>compress Preaward\x2c Award\x2c and Postaward Notifica\x0a</data></write>
    <read><delim>\x0a\x0a</delim><match><pcre>Preaward, Award, and Postaward Notifica\n.*\n\n</pcre></match></read>
    <read><delim>\x3e </delim><match><data>\x3e </data></match></read>
    <write><data>get Preaward\x2c Award\x2c and Postaward Notifica\x0a</data></write>
    <read><delim>\x0a\x0a</delim><match><pcre>Preaward, Award, and Postaward Notifica\n.*\n\n</pcre></match></read>
    <read><delim>\x3e </delim><match><data>\x3e </data></match></read>
    <write><data>list\x0a</data></write>
    <read><delim>\x0a</delim><match><data>current section: \x7c15\x7c5\x7c\x0a</data></match></read>
    <read><delim>\x0a\x0a</delim></read>
    <read><delim>\x3e </delim><match><data>\x3e </data></match></read>
    <write><data>compress Preaward\x2c Award\x2c and Postaward Notifica\x0a</data></write>
    <read><delim>\x0a\x0a</delim><match><pcre>Preaward, Award, and Postaward Notifica\n.*\n\n</pcre></match></read>
    <read><delim>\x3e </delim><match><data>\x3e </data></match></read>
    <write><data>cur\x5fsec\x0a</data></write>
    <read><delim>\x0a</delim><match><data>\x7c15\x7c5\x7c\x0a</data></match></read>
    <read><delim>\x3e </delim><match><data>\x3e </data></match></read>
    <write><data>search \x0a</data></write>
    <read><delim>\x3e </delim><match><data>\x3e </data></match></read>
    <write><data>list\x0a</data></write>
    <read><delim>\x0a</delim><match><data>current section: \x7c15\x7c5\x7c\x0a</data></match></read>
    <read><delim>\x0a\x0a</delim></read>
    <read><delim>\x3e </delim><match><data>\x3e </data></match></read>
    <write><data>cur\x5fsec\x0a</data></write>
    <read><delim>\x0a</delim><match><data>\x7c15\x7c5\x7c\x0a</data></match></read>
    <read><delim>\x3e </delim><match><data>\x3e </data></match></read>
    <write><data>search \x0a</data></write>
    <read><delim>\x3e </delim><match><data>\x3e </data></match></read>
    <write><data>search ugbtMTql5qOKIrQjPt2HJL6P1Tl\x0a</data></write>
    <read><delim>\x3e </delim><match><data>\x3e </data></match></read>
    <write><data>get Preaward\x2c Award\x2c and Postaward Notifica\x0a</data></write>
    <read><delim>\x0a\x0a</delim><match><pcre>Preaward, Award, and Postaward Notifica\n.*\n\n</pcre></match></read>
    <read><delim>\x3e </delim><match><data>\x3e </data></match></read>
    <write><data>ch\x5fsec \x7c5\x7c7\x7c\x0a</data></write>
    <read><delim>\x3e </delim><match><data>\x3e </data></match></read>
    <write><data>cur\x5fsec\x0a</data></write>
    <read><delim>\x0a</delim><match><data>\x7c5\x7c7\x7c\x0a</data></match></read>
    <read><delim>\x3e </delim><match><data>\x3e </data></match></read>
    <write><data>cur\x5fsec\x0a</data></write>
    <read><delim>\x0a</delim><match><data>\x7c5\x7c7\x7c\x0a</data></match></read>
    <read><delim>\x3e </delim><match><data>\x3e </data></match></read>
    <write><data>list\x0a</data></write>
    <read><delim>\x0a</delim><match><data>current section: \x7c5\x7c7\x7c\x0a</data></match></read>
    <read><delim>\x0a\x0a</delim></read>
    <read><delim>\x3e </delim><match><data>\x3e </data></match></read>
    <write><data>cur\x5fsec\x0a</data></write>
    <read><delim>\x0a</delim><match><data>\x7c5\x7c7\x7c\x0a</data></match></read>
    <read><delim>\x3e </delim><match><data>\x3e </data></match></read>
    <write><data>put 5VCiaYZ YB4UmVev4kN4vg\x0a</data></write>
    <read><delim>\x3e </delim><match><data>\x3e </data></match></read>
    <write><data>put tubadFKjc 4rCCtbtt4Mtu9GGbkZG\x0a</data></write>
    <read><delim>\x3e </delim><match><data>\x3e </data></match></read>
    <write><data>list\x0a</data></write>
    <read><delim>\x0a</delim><match><data>current section: \x7c5\x7c7\x7c\x0a</data></match></read>
    <read><delim>\x0a\x0a</delim></read>
    <read><delim>\x3e </delim><match><data>\x3e </data></match></read>
    <write><data>get tubadFKjc\x0a</data></write>
    <read><delim>\x0a\x0a</delim><match><pcre>tubadFKjc\n.*\n\n</pcre></match></read>
    <read><delim>\x3e </delim><match><data>\x3e </data></match></read>
    <write><data>ch\x5fsec \x7c9\x7c7\x7c\x0a</data></write>
    <read><delim>\x3e </delim><match><data>\x3e </data></match></read>
    <write><data>list\x0a</data></write>
    <read><delim>\x0a</delim><match><data>current section: \x7c9\x7c7\x7c\x0a</data></match></read>
    <read><delim>\x0a\x0a</delim></read>
    <read><delim>\x3e </delim><match><data>\x3e </data></match></read>
    <write><data>get Defense Production Pools and Research a\x0a</data></write>
    <read><delim>\x0a\x0a</delim><match><pcre>Defense Production Pools and Research a\n.*\n\n</pcre></match></read>
    <read><delim>\x3e </delim><match><data>\x3e </data></match></read>
    <write><data>search \x0a</data></write>
    <read><delim>\x3e </delim><match><data>\x3e </data></match></read>
    <write><data>get Defense Production Pools and Research a\x0a</data></write>
    <read><delim>\x0a\x0a</delim><match><pcre>Defense Production Pools and Research a\n.*\n\n</pcre></match></read>
    <read><delim>\x3e </delim><match><data>\x3e </data></match></read>
    <write><data>search \x0a</data></write>
    <read><delim>\x3e </delim><match><data>\x3e </data></match></read>
    <write><data>list\x0a</data></write>
    <read><delim>\x0a</delim><match><data>current section: \x7c9\x7c7\x7c\x0a</data></match></read>
    <read><delim>\x0a\x0a</delim></read>
    <read><delim>\x3e </delim><match><data>\x3e </data></match></read>
    <write><data>search \x0a</data></write>
    <read><delim>\x3e </delim><match><data>\x3e </data></match></read>
    <write><data>search \x0a</data></write>
    <read><delim>\x3e </delim><match><data>\x3e </data></match></read>
    <write><data>search \x0a</data></write>
    <read><delim>\x3e </delim><match><data>\x3e </data></match></read>
    <write><data>compress Defense Production Pools and Research a\x0a</data></write>
    <read><delim>\x0a\x0a</delim><match><pcre>Defense Production Pools and Research a\n.*\n\n</pcre></match></read>
    <read><delim>\x3e </delim><match><data>\x3e </data></match></read>
    <write><data>ch\x5fsec \x7c7\x7c3\x7c\x0a</data></write>
    <read><delim>\x3e </delim><match><data>\x3e </data></match></read>
    <write><data>list\x0a</data></write>
    <read><delim>\x0a</delim><match><data>current section: \x7c7\x7c3\x7c\x0a</data></match></read>
    <read><delim>\x0a\x0a</delim></read>
    <read><delim>\x3e </delim><match><data>\x3e </data></match></read>
    <write><data>put jm3ox XgMpZB43rRzphV\x0a</data></write>
    <read><delim>\x3e </delim><match><data>\x3e </data></match></read>
    <write><data>put hzk8R cusK4jri4mmVS6jFY\x0a</data></write>
    <read><delim>\x3e </delim><match><data>\x3e </data></match></read>
    <write><data>list\x0a</data></write>
    <read><delim>\x0a</delim><match><data>current section: \x7c7\x7c3\x7c\x0a</data></match></read>
    <read><delim>\x0a\x0a</delim></read>
    <read><delim>\x3e </delim><match><data>\x3e </data></match></read>
    <write><data>put TnoK9yMW GcUwpHPRS1FMc0skYA\x0a</data></write>
    <read><delim>\x3e </delim><match><data>\x3e </data></match></read>
    <write><data>list\x0a</data></write>
    <read><delim>\x0a</delim><match><data>current section: \x7c7\x7c3\x7c\x0a</data></match></read>
    <read><delim>\x0a\x0a</delim></read>
    <read><delim>\x3e </delim><match><data>\x3e </data></match></read>
    <write><data>put Lx11IRFueS 6i685w0kXg1sljRb7pe\x0a</data></write>
    <read><delim>\x3e </delim><match><data>\x3e </data></match></read>
    <write><data>ch\x5fsec \x7c3\x7c10\x7c\x0a</data></write>
    <read><delim>\x3e </delim><match><data>\x3e </data></match></read>
    <write><data>ch\x5fsec \x7c9\x7c6\x7c\x0a</data></write>
    <read><delim>\x3e </delim><match><data>\x3e </data></match></read>
    <write><data>compress Contractor Team Arrangements\x0a</data></write>
    <read><delim>\x0a\x0a</delim><match><pcre>Contractor Team Arrangements\n.*\n\n</pcre></match></read>
    <read><delim>\x3e </delim><match><data>\x3e </data></match></read>
    <write><data>ch\x5fsec \x7c9\x7c2\x7c\x0a</data></write>
    <read><delim>\x3e </delim><match><data>\x3e </data></match></read>
    <write><data>compress Qualifications Requirements\x0a</data></write>
    <read><delim>\x0a\x0a</delim><match><pcre>Qualifications Requirements\n.*\n\n</pcre></match></read>
    <read><delim>\x3e </delim><match><data>\x3e </data></match></read>
    <write><data>compress Qualifications Requirements\x0a</data></write>
    <read><delim>\x0a\x0a</delim><match><pcre>Qualifications Requirements\n.*\n\n</pcre></match></read>
    <read><delim>\x3e </delim><match><data>\x3e </data></match></read>
    <write><data>cur\x5fsec\x0a</data></write>
    <read><delim>\x0a</delim><match><data>\x7c9\x7c2\x7c\x0a</data></match></read>
    <read><delim>\x3e </delim><match><data>\x3e </data></match></read>
    <write><data>compress Qualifications Requirements\x0a</data></write>
    <read><delim>\x0a\x0a</delim><match><pcre>Qualifications Requirements\n.*\n\n</pcre></match></read>
    <read><delim>\x3e </delim><match><data>\x3e </data></match></read>
    <write><data>cur\x5fsec\x0a</data></write>
    <read><delim>\x0a</delim><match><data>\x7c9\x7c2\x7c\x0a</data></match></read>
    <read><delim>\x3e </delim><match><data>\x3e </data></match></read>
    <write><data>quit\x0a</data></write>
</replay>
</pov>