<?xml version="1.0" standalone="no" ?>
<!DOCTYPE pov SYSTEM "/usr/share/cgc-replay/replay.dtd">
<pov>
<cbid>service</cbid>
<replay>
    <read><delim>\x3e </delim><match><data>\x3e </data></match></read>
    <write><data>put GFwkTNlmk 58UMBlitNMRr5\x0a</data></write>
    <read><delim>\x3e </delim><match><data>\x3e </data></match></read>
    <write><data>list\x0a</data></write>
    <read><delim>\x0a</delim><match><data>current section: \x7c\x0a</data></match></read>
    <read><delim>\x0a</delim><match><data>\x0a</data></match></read>
    <read><delim>\x0a\x0a</delim></read>
    <read><delim>\x3e </delim><match><data>\x3e </data></match></read>
    <write><data>put papd cr4FV2g8cAVRL6\x0a</data></write>
    <read><delim>\x3e </delim><match><data>\x3e </data></match></read>
    <write><data>list\x0a</data></write>
    <read><delim>\x0a</delim><match><data>current section: \x7c\x0a</data></match></read>
    <read><delim>\x0a</delim><match><data>\x0a</data></match></read>
    <read><delim>\x0a\x0a</delim></read>
    <read><delim>\x3e </delim><match><data>\x3e </data></match></read>
    <write><data>put V7mkuQ9L Kvl0mCOPe0Y4\x0a</data></write>
    <read><delim>\x3e </delim><match><data>\x3e </data></match></read>
    <write><data>compress V7mkuQ9L\x0a</data></write>
    <read><delim>\x0a\x0a</delim><match><pcre>V7mkuQ9L\n.*\n\n</pcre></match></read>
    <read><delim>\x3e </delim><match><data>\x3e </data></match></read>
    <write><data>cur\x5fsec\x0a</data></write>
    <read><delim>\x0a</delim><match><data>\x7c\x0a</data></match></read>
    <read><delim>\x3e </delim><match><data>\x3e </data></match></read>
    <write><data>get V7mkuQ9L\x0a</data></write>
    <read><delim>\x0a\x0a</delim><match><pcre>V7mkuQ9L\n.*\n\n</pcre></match></read>
    <read><delim>\x3e </delim><match><data>\x3e </data></match></read>
    <write><data>put 7PnE o9UJaMFV6BTua\x0a</data></write>
    <read><delim>\x3e </delim><match><data>\x3e </data></match></read>
    <write><data>cur\x5fsec\x0a</data></write>
    <read><delim>\x0a</delim><match><data>\x7c\x0a</data></match></read>
    <read><delim>\x3e </delim><match><data>\x3e </data></match></read>
    <write><data>compress 7PnE\x0a</data></write>
    <read><delim>\x0a\x0a</delim><match><pcre>7PnE\n.*\n\n</pcre></match></read>
    <read><delim>\x3e </delim><match><data>\x3e </data></match></read>
    <write><data>compress 7PnE\x0a</data></write>
    <read><delim>\x0a\x0a</delim><match><pcre>7PnE\n.*\n\n</pcre></match></read>
    <read><delim>\x3e </delim><match><data>\x3e </data></match></read>
    <write><data>cur\x5fsec\x0a</data></write>
    <read><delim>\x0a</delim><match><data>\x7c\x0a</data></match></read>
    <read><delim>\x3e </delim><match><data>\x3e </data></match></read>
    <write><data>put HCfI et6IgVLh2Gx8B\x0a</data></write>
    <read><delim>\x3e </delim><match><data>\x3e </data></match></read>
    <write><data>get papd\x0a</data></write>
    <read><delim>\x0a\x0a</delim><match><pcre>papd\n.*\n\n</pcre></match></read>
    <read><delim>\x3e </delim><match><data>\x3e </data></match></read>
    <write><data>ch\x5fsec \x7c11\x7c7\x7c\x0a</data></write>
    <read><delim>\x3e </delim><match><data>\x3e </data></match></read>
    <write><data>ch\x5fsec \x7c8\x7c5\x7c\x0a</data></write>
    <read><delim>\x3e </delim><match><data>\x3e </data></match></read>
    <write><data>search \x0a</data></write>
    <read><delim>\x3e </delim><match><data>\x3e </data></match></read>
    <write><data>search \x0a</data></write>
    <read><delim>\x3e </delim><match><data>\x3e </data></match></read>
    <write><data>ch\x5fsec \x7c4\x7c4\x7c\x0a</data></write>
    <read><delim>\x3e </delim><match><data>\x3e </data></match></read>
    <write><data>compress Safeguarding Classified Information Wit\x0a</data></write>
    <read><delim>\x0a\x0a</delim><match><pcre>Safeguarding Classified Information Wit\n.*\n\n</pcre></match></read>
    <read><delim>\x3e </delim><match><data>\x3e </data></match></read>
    <write><data>get Safeguarding Classified Information Wit\x0a</data></write>
    <read><delim>\x0a\x0a</delim><match><pcre>Safeguarding Classified Information Wit\n.*\n\n</pcre></match></read>
    <read><delim>\x3e </delim><match><data>\x3e </data></match></read>
    <write><data>ch\x5fsec \x7c19\x7c7\x7c\x0a</data></write>
    <read><delim>\x3e </delim><match><data>\x3e </data></match></read>
    <write><data>cur\x5fsec\x0a</data></write>
    <read><delim>\x0a</delim><match><data>\x7c19\x7c7\x7c\x0a</data></match></read>
    <read><delim>\x3e </delim><match><data>\x3e </data></match></read>
    <write><data>list\x0a</data></write>
    <read><delim>\x0a</delim><match><data>current section: \x7c19\x7c7\x7c\x0a</data></match></read>
    <read><delim>\x0a\x0a</delim></read>
    <read><delim>\x3e </delim><match><data>\x3e </data></match></read>
    <write><data>cur\x5fsec\x0a</data></write>
    <read><delim>\x0a</delim><match><data>\x7c19\x7c7\x7c\x0a</data></match></read>
    <read><delim>\x3e </delim><match><data>\x3e </data></match></read>
    <write><data>put WmPRXh EdU1mWPgQp7vdegzIBDW\x0a</data></write>
    <read><delim>\x3e </delim><match><data>\x3e </data></match></read>
    <write><data>get The Small Business Subcontracting Progr\x0a</data></write>
    <read><delim>\x0a\x0a</delim><match><pcre>The Small Business Subcontracting Progr\n.*\n\n</pcre></match></read>
    <read><delim>\x3e </delim><match><data>\x3e </data></match></read>
    <write><data>get The Small Business Subcontracting Progr\x0a</data></write>
    <read><delim>\x0a\x0a</delim><match><pcre>The Small Business Subcontracting Progr\n.*\n\n</pcre></match></read>
    <read><delim>\x3e </delim><match><data>\x3e </data></match></read>
    <write><data>ch\x5fsec \x7c19\x7c7\x7c\x0a</data></write>
    <read><delim>\x3e </delim><match><data>\x3e </data></match></read>
    <write><data>cur\x5fsec\x0a</data></write>
    <read><delim>\x0a</delim><match><data>\x7c19\x7c7\x7c\x0a</data></match></read>
    <read><delim>\x3e </delim><match><data>\x3e </data></match></read>
    <write><data>get The Small Business Subcontracting Progr\x0a</data></write>
    <read><delim>\x0a\x0a</delim><match><pcre>The Small Business Subcontracting Progr\n.*\n\n</pcre></match></read>
    <read><delim>\x3e </delim><match><data>\x3e </data></match></read>
    <write><data>search \x0a</data></write>
    <read><delim>\x3e </delim><match><data>\x3e </data></match></read>
    <write><data>get WmPRXh\x0a</data></write>
    <read><delim>\x0a\x0a</delim><match><pcre>WmPRXh\n.*\n\n</pcre></match></read>
    <read><delim>\x3e </delim><match><data>\x3e </data></match></read>
    <write><data>list\x0a</data></write>
    <read><delim>\x0a</delim><match><data>current section: \x7c19\x7c7\x7c\x0a</data></match></read>
    <read><delim>\x0a\x0a</delim></read>
    <read><delim>\x3e </delim><match><data>\x3e </data></match></read>
    <write><data>put aQN 6r1YTrPlPM3Rw\x0a</data></write>
    <read><delim>\x3e </delim><match><data>\x3e </data></match></read>
    <write><data>cur\x5fsec\x0a</data></write>
    <read><delim>\x0a</delim><match><data>\x7c19\x7c7\x7c\x0a</data></match></read>
    <read><delim>\x3e </delim><match><data>\x3e </data></match></read>
    <write><data>get The Small Business Subcontracting Progr\x0a</data></write>
    <read><delim>\x0a\x0a</delim><match><pcre>The Small Business Subcontracting Progr\n.*\n\n</pcre></match></read>
    <read><delim>\x3e </delim><match><data>\x3e </data></match></read>
    <write><data>ch\x5fsec \x7c7\x7c4\x7c\x0a</data></write>
    <read><delim>\x3e </delim><match><data>\x3e </data></match></read>
    <write><data>list\x0a</data></write>
    <read><delim>\x0a</delim><match><data>current section: \x7c7\x7c4\x7c\x0a</data></match></read>
    <read><delim>\x0a\x0a</delim></read>
    <read><delim>\x3e </delim><match><data>\x3e </data></match></read>
    <write><data>get Equipment Lease or Purchase\x0a</data></write>
    <read><delim>\x0a\x0a</delim><match><pcre>Equipment Lease or Purchase\n.*\n\n</pcre></match></read>
    <read><delim>\x3e </delim><match><data>\x3e </data></match></read>
    <write><data>quit\x0a</data></write>
</replay>
</pov>