<?xml version="1.0" standalone="no" ?>
<!DOCTYPE pov SYSTEM "/usr/share/cgc-replay/replay.dtd">
<pov>
<cbid>service</cbid>
<replay>
    <read><delim>\x3e </delim><match><data>\x3e </data></match></read>
    <write><data>list\x0a</data></write>
    <read><delim>\x0a</delim><match><data>current section: \x7c\x0a</data></match></read>
    <read><delim>\x0a</delim><match><data>\x0a</data></match></read>
    <read><delim>\x0a\x0a</delim></read>
    <read><delim>\x3e </delim><match><data>\x3e </data></match></read>
    <write><data>put GIrO SL8FJQvoWE46IHvMNy\x0a</data></write>
    <read><delim>\x3e </delim><match><data>\x3e </data></match></read>
    <write><data>compress GIrO\x0a</data></write>
    <read><delim>\x0a\x0a</delim><match><pcre>GIrO\n.*\n\n</pcre></match></read>
    <read><delim>\x3e </delim><match><data>\x3e </data></match></read>
    <write><data>put irrbuY BROCYgcZe9kK0H\x0a</data></write>
    <read><delim>\x3e </delim><match><data>\x3e </data></match></read>
    <write><data>compress GIrO\x0a</data></write>
    <read><delim>\x0a\x0a</delim><match><pcre>GIrO\n.*\n\n</pcre></match></read>
    <read><delim>\x3e </delim><match><data>\x3e </data></match></read>
    <write><data>list\x0a</data></write>
    <read><delim>\x0a</delim><match><data>current section: \x7c\x0a</data></match></read>
    <read><delim>\x0a</delim><match><data>\x0a</data></match></read>
    <read><delim>\x0a\x0a</delim></read>
    <read><delim>\x3e </delim><match><data>\x3e </data></match></read>
    <write><data>list\x0a</data></write>
    <read><delim>\x0a</delim><match><data>current section: \x7c\x0a</data></match></read>
    <read><delim>\x0a</delim><match><data>\x0a</data></match></read>
    <read><delim>\x0a\x0a</delim></read>
    <read><delim>\x3e </delim><match><data>\x3e </data></match></read>
    <write><data>compress irrbuY\x0a</data></write>
    <read><delim>\x0a\x0a</delim><match><pcre>irrbuY\n.*\n\n</pcre></match></read>
    <read><delim>\x3e </delim><match><data>\x3e </data></match></read>
    <write><data>search Kb3jbUf6bPNZpApHoPeQt\x0a</data></write>
    <read><delim>\x3e </delim><match><data>\x3e </data></match></read>
    <write><data>search \x0a</data></write>
    <read><delim>\x3e </delim><match><data>\x3e </data></match></read>
    <write><data>ch\x5fsec \x7c13\x7c3\x7c\x0a</data></write>
    <read><delim>\x3e </delim><match><data>\x3e </data></match></read>
    <write><data>get Simplified Acquisition Methods\x0a</data></write>
    <read><delim>\x0a\x0a</delim><match><pcre>Simplified Acquisition Methods\n.*\n\n</pcre></match></read>
    <read><delim>\x3e </delim><match><data>\x3e </data></match></read>
    <write><data>ch\x5fsec \x7c22\x7c6\x7c\x0a</data></write>
    <read><delim>\x3e </delim><match><data>\x3e </data></match></read>
    <write><data>get Walsh\x2dHealey Public Contracts Act\x0a</data></write>
    <read><delim>\x0a\x0a</delim><match><pcre>Walsh-Healey Public Contracts Act\n.*\n\n</pcre></match></read>
    <read><delim>\x3e </delim><match><data>\x3e </data></match></read>
    <write><data>get Walsh\x2dHealey Public Contracts Act\x0a</data></write>
    <read><delim>\x0a\x0a</delim><match><pcre>Walsh-Healey Public Contracts Act\n.*\n\n</pcre></match></read>
    <read><delim>\x3e </delim><match><data>\x3e </data></match></read>
    <write><data>get Walsh\x2dHealey Public Contracts Act\x0a</data></write>
    <read><delim>\x0a\x0a</delim><match><pcre>Walsh-Healey Public Contracts Act\n.*\n\n</pcre></match></read>
    <read><delim>\x3e </delim><match><data>\x3e </data></match></read>
    <write><data>cur\x5fsec\x0a</data></write>
    <read><delim>\x0a</delim><match><data>\x7c22\x7c6\x7c\x0a</data></match></read>
    <read><delim>\x3e </delim><match><data>\x3e </data></match></read>
    <write><data>ch\x5fsec \x7c16\x7c6\x7c\x0a</data></write>
    <read><delim>\x3e </delim><match><data>\x3e </data></match></read>
    <write><data>cur\x5fsec\x0a</data></write>
    <read><delim>\x0a</delim><match><data>\x7c16\x7c6\x7c\x0a</data></match></read>
    <read><delim>\x3e </delim><match><data>\x3e </data></match></read>
    <write><data>list\x0a</data></write>
    <read><delim>\x0a</delim><match><data>current section: \x7c16\x7c6\x7c\x0a</data></match></read>
    <read><delim>\x0a\x0a</delim></read>
    <read><delim>\x3e </delim><match><data>\x3e </data></match></read>
    <write><data>list\x0a</data></write>
    <read><delim>\x0a</delim><match><data>current section: \x7c16\x7c6\x7c\x0a</data></match></read>
    <read><delim>\x0a\x0a</delim></read>
    <read><delim>\x3e </delim><match><data>\x3e </data></match></read>
    <write><data>search \x0a</data></write>
    <read><delim>\x3e </delim><match><data>\x3e </data></match></read>
    <write><data>ch\x5fsec \x7c4\x7c6\x7c\x0a</data></write>
    <read><delim>\x3e </delim><match><data>\x3e </data></match></read>
    <write><data>get Contract Reporting\x0a</data></write>
    <read><delim>\x0a\x0a</delim><match><pcre>Contract Reporting\n.*\n\n</pcre></match></read>
    <read><delim>\x3e </delim><match><data>\x3e </data></match></read>
    <write><data>list\x0a</data></write>
    <read><delim>\x0a</delim><match><data>current section: \x7c4\x7c6\x7c\x0a</data></match></read>
    <read><delim>\x0a\x0a</delim></read>
    <read><delim>\x3e </delim><match><data>\x3e </data></match></read>
    <write><data>cur\x5fsec\x0a</data></write>
    <read><delim>\x0a</delim><match><data>\x7c4\x7c6\x7c\x0a</data></match></read>
    <read><delim>\x3e </delim><match><data>\x3e </data></match></read>
    <write><data>search \x0a</data></write>
    <read><delim>\x3e </delim><match><data>\x3e </data></match></read>
    <write><data>get Contract Reporting\x0a</data></write>
    <read><delim>\x0a\x0a</delim><match><pcre>Contract Reporting\n.*\n\n</pcre></match></read>
    <read><delim>\x3e </delim><match><data>\x3e </data></match></read>
    <write><data>compress Contract Reporting\x0a</data></write>
    <read><delim>\x0a\x0a</delim><match><pcre>Contract Reporting\n.*\n\n</pcre></match></read>
    <read><delim>\x3e </delim><match><data>\x3e </data></match></read>
    <write><data>list\x0a</data></write>
    <read><delim>\x0a</delim><match><data>current section: \x7c4\x7c6\x7c\x0a</data></match></read>
    <read><delim>\x0a\x0a</delim></read>
    <read><delim>\x3e </delim><match><data>\x3e </data></match></read>
    <write><data>search \x0a</data></write>
    <read><delim>\x3e </delim><match><data>\x3e </data></match></read>
    <write><data>compress Contract Reporting\x0a</data></write>
    <read><delim>\x0a\x0a</delim><match><pcre>Contract Reporting\n.*\n\n</pcre></match></read>
    <read><delim>\x3e </delim><match><data>\x3e </data></match></read>
    <write><data>compress Contract Reporting\x0a</data></write>
    <read><delim>\x0a\x0a</delim><match><pcre>Contract Reporting\n.*\n\n</pcre></match></read>
    <read><delim>\x3e </delim><match><data>\x3e </data></match></read>
    <write><data>cur\x5fsec\x0a</data></write>
    <read><delim>\x0a</delim><match><data>\x7c4\x7c6\x7c\x0a</data></match></read>
    <read><delim>\x3e </delim><match><data>\x3e </data></match></read>
    <write><data>get Contract Reporting\x0a</data></write>
    <read><delim>\x0a\x0a</delim><match><pcre>Contract Reporting\n.*\n\n</pcre></match></read>
    <read><delim>\x3e </delim><match><data>\x3e </data></match></read>
    <write><data>ch\x5fsec \x7c6\x7c3\x7c\x0a</data></write>
    <read><delim>\x3e </delim><match><data>\x3e </data></match></read>
    <write><data>search \x0a</data></write>
    <read><delim>\x3e </delim><match><data>\x3e </data></match></read>
    <write><data>cur\x5fsec\x0a</data></write>
    <read><delim>\x0a</delim><match><data>\x7c6\x7c3\x7c\x0a</data></match></read>
    <read><delim>\x3e </delim><match><data>\x3e </data></match></read>
    <write><data>search pLEFyR\x0a</data></write>
    <read><delim>\x3e </delim><match><data>\x3e </data></match></read>
    <write><data>compress Other Than Full and Open Competition\x0a</data></write>
    <read><delim>\x0a\x0a</delim><match><pcre>Other Than Full and Open Competition\n.*\n\n</pcre></match></read>
    <read><delim>\x3e </delim><match><data>\x3e </data></match></read>
    <write><data>ch\x5fsec \x7c19\x7c5\x7c\x0a</data></write>
    <read><delim>\x3e </delim><match><data>\x3e </data></match></read>
    <write><data>list\x0a</data></write>
    <read><delim>\x0a</delim><match><data>current section: \x7c19\x7c5\x7c\x0a</data></match></read>
    <read><delim>\x0a\x0a</delim></read>
    <read><delim>\x3e </delim><match><data>\x3e </data></match></read>
    <write><data>get Set\x2dAsides for Small Business\x0a</data></write>
    <read><delim>\x0a\x0a</delim><match><pcre>Set-Asides for Small Business\n.*\n\n</pcre></match></read>
    <read><delim>\x3e </delim><match><data>\x3e </data></match></read>
    <write><data>list\x0a</data></write>
    <read><delim>\x0a</delim><match><data>current section: \x7c19\x7c5\x7c\x0a</data></match></read>
    <read><delim>\x0a\x0a</delim></read>
    <read><delim>\x3e </delim><match><data>\x3e </data></match></read>
    <write><data>ch\x5fsec \x7c5\x7c6\x7c\x0a</data></write>
    <read><delim>\x3e </delim><match><data>\x3e </data></match></read>
    <write><data>cur\x5fsec\x0a</data></write>
    <read><delim>\x0a</delim><match><data>\x7c5\x7c6\x7c\x0a</data></match></read>
    <read><delim>\x3e </delim><match><data>\x3e </data></match></read>
    <write><data>search \x0a</data></write>
    <read><delim>\x3e </delim><match><data>\x3e </data></match></read>
    <write><data>list\x0a</data></write>
    <read><delim>\x0a</delim><match><data>current section: \x7c5\x7c6\x7c\x0a</data></match></read>
    <read><delim>\x0a\x0a</delim></read>
    <read><delim>\x3e </delim><match><data>\x3e </data></match></read>
    <write><data>compress Publicizing Multi\x2dAgency Use Contracts\x0a</data></write>
    <read><delim>\x0a\x0a</delim><match><pcre>Publicizing Multi-Agency Use Contracts\n.*\n\n</pcre></match></read>
    <read><delim>\x3e </delim><match><data>\x3e </data></match></read>
    <write><data>ch\x5fsec \x7c18\x7c2\x7c\x0a</data></write>
    <read><delim>\x3e </delim><match><data>\x3e </data></match></read>
    <write><data>list\x0a</data></write>
    <read><delim>\x0a</delim><match><data>current section: \x7c18\x7c2\x7c\x0a</data></match></read>
    <read><delim>\x0a\x0a</delim></read>
    <read><delim>\x3e </delim><match><data>\x3e </data></match></read>
    <write><data>compress Emergency Acquisition Flexibilities\x0a</data></write>
    <read><delim>\x0a\x0a</delim><match><pcre>Emergency Acquisition Flexibilities\n.*\n\n</pcre></match></read>
    <read><delim>\x3e </delim><match><data>\x3e </data></match></read>
    <write><data>cur\x5fsec\x0a</data></write>
    <read><delim>\x0a</delim><match><data>\x7c18\x7c2\x7c\x0a</data></match></read>
    <read><delim>\x3e </delim><match><data>\x3e </data></match></read>
    <write><data>search 1D8l6TknKahdkSSp0bBlzqKK0Sf\x0a</data></write>
    <read><delim>\x3e </delim><match><data>\x3e </data></match></read>
    <write><data>search \x0a</data></write>
    <read><delim>\x3e </delim><match><data>\x3e </data></match></read>
    <write><data>compress Emergency Acquisition Flexibilities\x0a</data></write>
    <read><delim>\x0a\x0a</delim><match><pcre>Emergency Acquisition Flexibilities\n.*\n\n</pcre></match></read>
    <read><delim>\x3e </delim><match><data>\x3e </data></match></read>
    <write><data>put OjU8h WJdlgFmjJbtIaG1GYWB\x0a</data></write>
    <read><delim>\x3e </delim><match><data>\x3e </data></match></read>
    <write><data>get Emergency Acquisition Flexibilities\x0a</data></write>
    <read><delim>\x0a\x0a</delim><match><pcre>Emergency Acquisition Flexibilities\n.*\n\n</pcre></match></read>
    <read><delim>\x3e </delim><match><data>\x3e </data></match></read>
    <write><data>search \x0a</data></write>
    <read><delim>\x3e </delim><match><data>\x3e </data></match></read>
    <write><data>cur\x5fsec\x0a</data></write>
    <read><delim>\x0a</delim><match><data>\x7c18\x7c2\x7c\x0a</data></match></read>
    <read><delim>\x3e </delim><match><data>\x3e </data></match></read>
    <write><data>ch\x5fsec \x7c8\x7c11\x7c\x0a</data></write>
    <read><delim>\x3e </delim><match><data>\x3e </data></match></read>
    <write><data>compress Leasing of Motor Vehicles\x0a</data></write>
    <read><delim>\x0a\x0a</delim><match><pcre>Leasing of Motor Vehicles\n.*\n\n</pcre></match></read>
    <read><delim>\x3e </delim><match><data>\x3e </data></match></read>
    <write><data>cur\x5fsec\x0a</data></write>
    <read><delim>\x0a</delim><match><data>\x7c8\x7c11\x7c\x0a</data></match></read>
    <read><delim>\x3e </delim><match><data>\x3e </data></match></read>
    <write><data>cur\x5fsec\x0a</data></write>
    <read><delim>\x0a</delim><match><data>\x7c8\x7c11\x7c\x0a</data></match></read>
    <read><delim>\x3e </delim><match><data>\x3e </data></match></read>
    <write><data>search \x0a</data></write>
    <read><delim>\x3e </delim><match><data>\x3e </data></match></read>
    <write><data>ch\x5fsec \x7c4\x7c16\x7c\x0a</data></write>
    <read><delim>\x3e </delim><match><data>\x3e </data></match></read>
    <write><data>cur\x5fsec\x0a</data></write>
    <read><delim>\x0a</delim><match><data>\x7c4\x7c16\x7c\x0a</data></match></read>
    <read><delim>\x3e </delim><match><data>\x3e </data></match></read>
    <write><data>cur\x5fsec\x0a</data></write>
    <read><delim>\x0a</delim><match><data>\x7c4\x7c16\x7c\x0a</data></match></read>
    <read><delim>\x3e </delim><match><data>\x3e </data></match></read>
    <write><data>make\x5fsec hnH\x0a</data></write>
    <read><delim>\x3e </delim><match><data>\x3e </data></match></read>
    <write><data>quit\x0a</data></write>
</replay>
</pov>